0 info it worked if it ends with ok
1 verbose cli [ 'node', '/usr/local/bin/npm', 'publish' ]
2 info using npm@2.4.1
3 info using node@v0.10.25
4 verbose node symlink /usr/bin/node
5 verbose publish [ '.' ]
6 silly cache add args [ '.', null ]
7 verbose cache add spec .
8 silly cache add parsed spec { raw: '.',
8 silly cache add   scope: null,
8 silly cache add   name: null,
8 silly cache add   rawSpec: '.',
8 silly cache add   spec: '/home/ubuntu/tb-workshops-checker',
8 silly cache add   type: 'directory' }
9 verbose addLocalDirectory /home/ubuntu/.npm/talentbuddy/0.0.13/package.tgz not in flight; packing
10 verbose tar pack [ '/home/ubuntu/.npm/talentbuddy/0.0.13/package.tgz',
10 verbose tar pack   '/home/ubuntu/tb-workshops-checker' ]
11 verbose tarball /home/ubuntu/.npm/talentbuddy/0.0.13/package.tgz
12 verbose folder /home/ubuntu/tb-workshops-checker
13 info prepublish talentbuddy@0.0.13
14 verbose addLocalTarball adding from inside cache /home/ubuntu/.npm/talentbuddy/0.0.13/package.tgz
15 silly cache afterAdd talentbuddy@0.0.13
16 verbose afterAdd /home/ubuntu/.npm/talentbuddy/0.0.13/package/package.json not in flight; writing
17 verbose afterAdd /home/ubuntu/.npm/talentbuddy/0.0.13/package/package.json written
18 silly publish { name: 'talentbuddy',
18 silly publish   version: '0.0.13',
18 silly publish   description: 'Talentbuddy Workshops',
18 silly publish   preferGlobal: true,
18 silly publish   bin: { talentbuddy: 'bin/talentbuddy.js' },
18 silly publish   repository: { type: 'git', url: 'https://github.com/Talentbuddy' },
18 silly publish   dependencies:
18 silly publish    { cli: '~0.6.5',
18 silly publish      request: '~2.51.0',
18 silly publish      async: '~0.9.0',
18 silly publish      jsonfile: '~2.0.0',
18 silly publish      rimraf: '~2.2.8',
18 silly publish      path: '~0.11.14',
18 silly publish      download: '~3.3.0',
18 silly publish      'analytics-node': '~1.1.1' },
18 silly publish   bugs: { url: 'https://github.com/Talentbuddy/talentbuddy/issues' },
18 silly publish   main: 'bin/talentbuddy.js',
18 silly publish   devDependencies: {},
18 silly publish   scripts: { test: 'echo "Error: no test specified" && exit 1' },
18 silly publish   keywords: [ 'talentbuddy', 'coding' ],
18 silly publish   author:
18 silly publish    { name: 'Talentbuddy',
18 silly publish      email: 'team@talentbuddy.co',
18 silly publish      url: 'https://www.talentbuddy.co/workshops' },
18 silly publish   license: 'GNU GPL v3.0',
18 silly publish   readme: '# Talentbuddy Workshops\n\nA growing collection of hands-on workshops to improve your ability to build full stack web apps with Javascript.\n\nPlease visit our [website] or email us at team@talentbuddy.co\n\n[website]:https://www.talentbuddy.co/workshops\n\n\n',
18 silly publish   readmeFilename: 'README.md',
18 silly publish   gitHead: 'd3f7242f3c1fff2c3eab253ac2efc5b65889952c',
18 silly publish   _id: 'talentbuddy@0.0.13',
18 silly publish   _shasum: 'e9c876795ba0f215ad75a7db3dbc5b9dc332a73a',
18 silly publish   _from: '.' }
19 silly mapToRegistry name talentbuddy
20 silly mapToRegistry using default registry
21 silly mapToRegistry registry https://registry.npmjs.org/
22 silly mapToRegistry uri https://registry.npmjs.org/talentbuddy
23 verbose publish registryBase https://registry.npmjs.org/
24 silly publish uploading /home/ubuntu/.npm/talentbuddy/0.0.13/package.tgz
25 verbose request uri https://registry.npmjs.org/talentbuddy
26 verbose request sending authorization for write operation
27 info attempt registry request try #1 at 18:22:13
28 verbose request id 990d04bad71ed868
29 http request PUT https://registry.npmjs.org/talentbuddy
30 http 500 https://registry.npmjs.org/talentbuddy
31 info retry will retry, error on last attempt: Error: Registry returned 500 for PUT on https://registry.npmjs.org/talentbuddy
32 info attempt registry request try #2 at 18:22:25
33 http request PUT https://registry.npmjs.org/talentbuddy
34 http 409 https://registry.npmjs.org/talentbuddy
35 verbose headers { date: 'Tue, 07 Apr 2015 01:22:26 GMT',
35 verbose headers   server: 'Apache',
35 verbose headers   'content-type': 'application/json',
35 verbose headers   'cache-control': 'max-age=60',
35 verbose headers   'content-length': '17',
35 verbose headers   'accept-ranges': 'bytes',
35 verbose headers   via: '1.1 varnish',
35 verbose headers   'x-served-by': 'cache-jfk1034-JFK',
35 verbose headers   'x-cache': 'MISS',
35 verbose headers   'x-cache-hits': '0',
35 verbose headers   'x-timer': 'S1428369745.831843,VS0,VE1045',
35 verbose headers   'keep-alive': 'timeout=10, max=50',
35 verbose headers   connection: 'Keep-Alive' }
36 verbose request invalidating /home/ubuntu/.npm/registry.npmjs.org/talentbuddy on PUT
37 verbose request uri https://registry.npmjs.org/talentbuddy?write=true
38 verbose request no auth needed
39 info attempt registry request try #1 at 18:22:26
40 http request GET https://registry.npmjs.org/talentbuddy?write=true
41 http 200 https://registry.npmjs.org/talentbuddy?write=true
42 verbose stack Error: cannot modify pre-existing version
42 verbose stack     at conflictError (/usr/local/lib/node_modules/npm/node_modules/npm-registry-client/lib/publish.js:184:11)
42 verbose stack     at CachingRegistryClient.putNext (/usr/local/lib/node_modules/npm/node_modules/npm-registry-client/lib/publish.js:147:15)
42 verbose stack     at /usr/local/lib/node_modules/npm/node_modules/npm-registry-client/lib/publish.js:129:15
42 verbose stack     at /usr/local/lib/node_modules/npm/lib/cache/caching-client.js:52:8
42 verbose stack     at f (/usr/local/lib/node_modules/npm/node_modules/once/once.js:17:25)
42 verbose stack     at /usr/local/lib/node_modules/npm/node_modules/npm-registry-client/lib/request.js:73:16
42 verbose stack     at f (/usr/local/lib/node_modules/npm/node_modules/once/once.js:17:25)
42 verbose stack     at CachingRegistryClient.<anonymous> (/usr/local/lib/node_modules/npm/node_modules/npm-registry-client/lib/request.js:262:12)
42 verbose stack     at Request._callback (/usr/local/lib/node_modules/npm/node_modules/npm-registry-client/lib/request.js:178:14)
42 verbose stack     at Request.self.callback (/usr/local/lib/node_modules/npm/node_modules/request/request.js:373:22)
43 verbose pkgid talentbuddy
44 verbose cwd /home/ubuntu/tb-workshops-checker
45 error Linux 3.13.0-24-generic
46 error argv "node" "/usr/local/bin/npm" "publish"
47 error node v0.10.25
48 error npm  v2.4.1
49 error code EPUBLISHCONFLICT
50 error publish fail Cannot publish over existing version.
50 error publish fail Update the 'version' field in package.json and try again.
50 error publish fail
50 error publish fail To automatically increment version numbers, see:
50 error publish fail     npm help version
51 verbose exit [ 1, true ]
